<?xml version="1.0" encoding="UTF-8"?>
<!-- Generated by org.testng.reporters.JUnitReportReporter -->
<testsuite hostname="DESKTOP-R8FA6O2" failures="0" tests="1" name="Different_WaysTo_Create_Request.Post_With_HashMap" time="3.834" errors="0" timestamp="2023-12-20T16:59:25 IST" skipped="0">
  <testcase classname="Different_WaysTo_Create_Request.Post_With_HashMap" name="HashMap" time="3.834"/>
  <system-out/>
</testsuite> <!-- Different_WaysTo_Create_Request.Post_With_HashMap -->
