<?xml version="1.0" encoding="UTF-8"?>
<!-- Generated by org.testng.reporters.JUnitReportReporter -->
<testsuite hostname="DESKTOP-R8FA6O2" failures="0" tests="1" name="Serialization.Deseriliaztion_With_Object_Array" time="0.410" errors="0" timestamp="2023-12-26T11:29:12 IST" skipped="0">
  <testcase classname="Serialization.Deseriliaztion_With_Object_Array" name="empwithArray" time="0.410"/>
  <system-out/>
</testsuite> <!-- Serialization.Deseriliaztion_With_Object_Array -->
