<?xml version="1.0" encoding="UTF-8"?>
<!-- Generated by org.testng.reporters.JUnitReportReporter -->
<testsuite hostname="DESKTOP-R8FA6O2" failures="0" tests="1" name="Authentication.Digestive_Basic_Auth" time="3.586" errors="0" timestamp="2023-12-22T10:21:43 IST" skipped="0">
  <testcase classname="Authentication.Digestive_Basic_Auth" name="Primitive" time="3.586"/>
  <system-out/>
</testsuite> <!-- Authentication.Digestive_Basic_Auth -->
