<?xml version="1.0" encoding="UTF-8"?>
<!-- Generated by org.testng.reporters.JUnitReportReporter -->
<testsuite hostname="DESKTOP-R8FA6O2" failures="0" tests="1" name="CrudWithBDD.ReadProject_Get_ListUsers" time="3.701" errors="0" timestamp="2023-12-20T13:07:33 IST" skipped="0">
  <testcase classname="CrudWithBDD.ReadProject_Get_ListUsers" name="Get" time="3.701"/>
  <system-out/>
</testsuite> <!-- CrudWithBDD.ReadProject_Get_ListUsers -->
