<?xml version="1.0" encoding="UTF-8"?>
<!-- Generated by org.testng.reporters.JUnitReportReporter -->
<testsuite hostname="DESKTOP-R8FA6O2" failures="0" tests="1" name="Cookies.Validate_Cookies" time="8.755" errors="0" timestamp="2023-12-26T15:01:09 IST" skipped="0">
  <testcase classname="Cookies.Validate_Cookies" name="validate" time="8.755"/>
  <system-out/>
</testsuite> <!-- Cookies.Validate_Cookies -->
