<?xml version="1.0" encoding="UTF-8"?>
<!-- Generated by org.testng.reporters.JUnitReportReporter -->
<testsuite hostname="DESKTOP-R8FA6O2" failures="0" tests="1" name="CrudWithBDD_Using_Reqres.CreateProject_POST" time="4.843" errors="0" timestamp="2023-12-20T15:07:04 IST" skipped="0">
  <testcase classname="CrudWithBDD_Using_Reqres.CreateProject_POST" name="Post" time="4.843"/>
  <system-out/>
</testsuite> <!-- CrudWithBDD_Using_Reqres.CreateProject_POST -->
