<?xml version="1.0" encoding="UTF-8"?>
<!-- Generated by org.testng.reporters.JUnitReportReporter -->
<testsuite hostname="DESKTOP-R8FA6O2" failures="0" tests="1" name="CrudWithoutBDD.CreateProject" time="8.957" errors="0" timestamp="2023-12-20T11:35:38 IST" skipped="0">
  <testcase classname="CrudWithoutBDD.CreateProject" name="Create" time="8.957"/>
  <system-out/>
</testsuite> <!-- CrudWithoutBDD.CreateProject -->
