<?xml version="1.0" encoding="UTF-8"?>
<!-- Generated by org.testng.reporters.JUnitReportReporter -->
<testsuite hostname="DESKTOP-R8FA6O2" failures="0" tests="1" name="CrudWithoutBDD.ReadProject_Get_AllProjects" time="3.133" errors="0" timestamp="2023-12-20T12:50:02 IST" skipped="0">
  <testcase classname="CrudWithoutBDD.ReadProject_Get_AllProjects" name="Get" time="3.133"/>
  <system-out/>
</testsuite> <!-- CrudWithoutBDD.ReadProject_Get_AllProjects -->
