<?xml version="1.0" encoding="UTF-8"?>
<!-- Generated by org.testng.reporters.JUnitReportReporter -->
<testsuite hostname="DESKTOP-R8FA6O2" failures="0" tests="1" name="Response_Body_Validation.Dynamic_Response_Body_Validation" time="4.396" errors="0" timestamp="2023-12-21T11:15:20 IST" skipped="0">
  <testcase classname="Response_Body_Validation.Dynamic_Response_Body_Validation" name="Dynamic" time="4.396"/>
  <system-out/>
</testsuite> <!-- Response_Body_Validation.Dynamic_Response_Body_Validation -->
