<?xml version="1.0" encoding="UTF-8"?>
<!-- Generated by org.testng.reporters.JUnitReportReporter -->
<testsuite hostname="DESKTOP-R8FA6O2" failures="0" tests="1" name="Serialization" time="0.640" errors="0" timestamp="2023-12-26T10:48:30 IST" skipped="0">
  <testcase classname="Serialization" name="EmpSer" time="0.640"/>
  <system-out/>
</testsuite> <!-- Serialization -->
