<?xml version="1.0" encoding="UTF-8"?>
<!-- Generated by org.testng.reporters.JUnitReportReporter -->
<testsuite hostname="DESKTOP-R8FA6O2" failures="0" tests="1" name="Serialization.Serialization_Object_Inside_Another_Object" time="0.365" errors="0" timestamp="2023-12-26T12:53:40 IST" skipped="0">
  <testcase classname="Serialization.Serialization_Object_Inside_Another_Object" name="empwithobj" time="0.365"/>
  <system-out/>
</testsuite> <!-- Serialization.Serialization_Object_Inside_Another_Object -->
