<?xml version="1.0" encoding="UTF-8"?>
<!-- Generated by org.testng.reporters.JUnitReportReporter -->
<testsuite hostname="DESKTOP-R8FA6O2" failures="0" tests="1" name="Different_WaysTo_Create_Request.Post_With_JSON_Object" time="3.741" errors="0" timestamp="2023-12-20T17:28:24 IST" skipped="0">
  <testcase classname="Different_WaysTo_Create_Request.Post_With_JSON_Object" name="Post" time="3.741"/>
  <system-out/>
</testsuite> <!-- Different_WaysTo_Create_Request.Post_With_JSON_Object -->
