<?xml version="1.0" encoding="UTF-8"?>
<!-- Generated by org.testng.reporters.JUnitReportReporter -->
<testsuite hostname="DESKTOP-R8FA6O2" failures="0" tests="1" name="CrudWithoutBDD_Using_RMG.CreateProject_POST" time="4.036" errors="0" timestamp="2023-12-21T12:15:34 IST" skipped="0">
  <testcase classname="CrudWithoutBDD_Using_RMG.CreateProject_POST" name="Post" time="4.036"/>
  <system-out/>
</testsuite> <!-- CrudWithoutBDD_Using_RMG.CreateProject_POST -->
