<?xml version="1.0" encoding="UTF-8"?>
<!-- Generated by org.testng.reporters.JUnitReportReporter -->
<testsuite hostname="DESKTOP-R8FA6O2" failures="0" tests="1" name="CrudWithBDD.DeleteProject_Delete" time="3.792" errors="0" timestamp="2023-12-20T13:32:05 IST" skipped="0">
  <testcase classname="CrudWithBDD.DeleteProject_Delete" name="Delete" time="3.792"/>
  <system-out/>
</testsuite> <!-- CrudWithBDD.DeleteProject_Delete -->
