<?xml version="1.0" encoding="UTF-8"?>
<!-- Generated by org.testng.reporters.JUnitReportReporter -->
<testsuite hostname="DESKTOP-R8FA6O2" failures="0" tests="1" name="Cookies.To_Pass_Single_Cookie" time="5.069" errors="0" timestamp="2023-12-26T15:53:01 IST" skipped="0">
  <testcase classname="Cookies.To_Pass_Single_Cookie" name="singlecookie" time="5.069"/>
  <system-out/>
</testsuite> <!-- Cookies.To_Pass_Single_Cookie -->
