<?xml version="1.0" encoding="UTF-8"?>
<!-- Generated by org.testng.reporters.JUnitReportReporter -->
<testsuite hostname="DESKTOP-R8FA6O2" failures="0" tests="1" name="Authentication.Bearer_Token" time="7.556" errors="0" timestamp="2023-12-22T10:41:54 IST" skipped="0">
  <testcase classname="Authentication.Bearer_Token" name="bearer" time="7.556"/>
  <system-out/>
</testsuite> <!-- Authentication.Bearer_Token -->
