<?xml version="1.0" encoding="UTF-8"?>
<!-- Generated by org.testng.reporters.JUnitReportReporter -->
<testsuite hostname="DESKTOP-R8FA6O2" failures="0" tests="1" name="Serialization.Deserialization1" time="0.864" errors="0" timestamp="2023-12-26T10:56:37 IST" skipped="0">
  <testcase classname="Serialization.Deserialization1" name="EmpDes" time="0.864"/>
  <system-out/>
</testsuite> <!-- Serialization.Deserialization1 -->
