<?xml version="1.0" encoding="UTF-8"?>
<!-- Generated by org.testng.reporters.JUnitReportReporter -->
<testsuite hostname="DESKTOP-R8FA6O2" failures="0" tests="1" name="Authentication.Preemptive_Basic_auth" time="3.545" errors="0" timestamp="2023-12-22T10:20:02 IST" skipped="0">
  <testcase classname="Authentication.Preemptive_Basic_auth" name="Primitive" time="3.545"/>
  <system-out/>
</testsuite> <!-- Authentication.Preemptive_Basic_auth -->
