<?xml version="1.0" encoding="UTF-8"?>
<!-- Generated by org.testng.reporters.JUnitReportReporter -->
<testsuite hostname="DESKTOP-R8FA6O2" failures="0" tests="1" name="Serialization.Serialization_With_Array" time="0.716" errors="0" timestamp="2023-12-26T11:16:41 IST" skipped="0">
  <testcase classname="Serialization.Serialization_With_Array" name="empwithArray" time="0.716"/>
  <system-out/>
</testsuite> <!-- Serialization.Serialization_With_Array -->
