<?xml version="1.0" encoding="UTF-8"?>
<!-- Generated by org.testng.reporters.JUnitReportReporter -->
<testsuite hostname="DESKTOP-R8FA6O2" failures="0" tests="1" name="CrudWithBDD_Using_Reqres.ReadProject_Get_SingleUser" time="3.904" errors="0" timestamp="2023-12-20T15:14:57 IST" skipped="0">
  <testcase classname="CrudWithBDD_Using_Reqres.ReadProject_Get_SingleUser" name="Get" time="3.904"/>
  <system-out/>
</testsuite> <!-- CrudWithBDD_Using_Reqres.ReadProject_Get_SingleUser -->
