<?xml version="1.0" encoding="UTF-8"?>
<!-- Generated by org.testng.reporters.JUnitReportReporter -->
<testsuite hostname="DESKTOP-R8FA6O2" failures="0" tests="1" name="CrudWithBDD_Using_RMG.UpdateProject_PUT" time="3.553" errors="0" timestamp="2023-12-20T14:46:27 IST" skipped="0">
  <testcase classname="CrudWithBDD_Using_RMG.UpdateProject_PUT" name="Put" time="3.553"/>
  <system-out/>
</testsuite> <!-- CrudWithBDD_Using_RMG.UpdateProject_PUT -->
