<?xml version="1.0" encoding="UTF-8"?>
<!-- Generated by org.testng.reporters.JUnitReportReporter -->
<testsuite hostname="DESKTOP-R8FA6O2" failures="0" tests="1" name="CrudWithBDD_Using_RMG.CreateProject_POST" time="3.854" errors="0" timestamp="2023-12-20T14:53:05 IST" skipped="0">
  <testcase classname="CrudWithBDD_Using_RMG.CreateProject_POST" name="Post" time="3.854"/>
  <system-out/>
</testsuite> <!-- CrudWithBDD_Using_RMG.CreateProject_POST -->
