<?xml version="1.0" encoding="UTF-8"?>
<!-- Generated by org.testng.reporters.JUnitReportReporter -->
<testsuite hostname="DESKTOP-R8FA6O2" failures="0" tests="1" name="CrudWithBDD.UpdateProject_PUT" time="5.605" errors="0" timestamp="2023-12-20T13:18:57 IST" skipped="0">
  <testcase classname="CrudWithBDD.UpdateProject_PUT" name="Put" time="5.605"/>
  <system-out/>
</testsuite> <!-- CrudWithBDD.UpdateProject_PUT -->
