<?xml version="1.0" encoding="UTF-8"?>
<!-- Generated by org.testng.reporters.JUnitReportReporter -->
<testsuite hostname="DESKTOP-R8FA6O2" failures="0" tests="1" name="Parameter.Path_Parameter" time="3.251" errors="0" timestamp="2023-12-21T12:17:56 IST" skipped="0">
  <testcase classname="Parameter.Path_Parameter" name="Path" time="3.251"/>
  <system-out/>
</testsuite> <!-- Parameter.Path_Parameter -->
