<?xml version="1.0" encoding="UTF-8"?>
<!-- Generated by org.testng.reporters.JUnitReportReporter -->
<testsuite hostname="DESKTOP-R8FA6O2" failures="0" tests="1" name="Request_Chaining.Request_Chaining_Create" time="6.402" errors="0" timestamp="2023-12-21T16:03:19 IST" skipped="0">
  <testcase classname="Request_Chaining.Request_Chaining_Create" name="Request" time="6.402"/>
  <system-out/>
</testsuite> <!-- Request_Chaining.Request_Chaining_Create -->
