<?xml version="1.0" encoding="UTF-8"?>
<!-- Generated by org.testng.reporters.JUnitReportReporter -->
<testsuite hostname="DESKTOP-R8FA6O2" failures="0" tests="1" name="Serialization.DeSerialization_Object_Inside_Another_Object" time="0.397" errors="0" timestamp="2023-12-26T13:03:53 IST" skipped="0">
  <testcase classname="Serialization.DeSerialization_Object_Inside_Another_Object" name="empwithdes" time="0.397"/>
  <system-out/>
</testsuite> <!-- Serialization.DeSerialization_Object_Inside_Another_Object -->
