<?xml version="1.0" encoding="UTF-8"?>
<!-- Generated by org.testng.reporters.JUnitReportReporter -->
<testsuite hostname="DESKTOP-R8FA6O2" failures="0" tests="1" name="CrudWithBDD.CreateProject_POST" time="4.718" errors="0" timestamp="2023-12-20T13:30:14 IST" skipped="0">
  <testcase classname="CrudWithBDD.CreateProject_POST" name="Create" time="4.718"/>
  <system-out/>
</testsuite> <!-- CrudWithBDD.CreateProject_POST -->
