<?xml version="1.0" encoding="UTF-8"?>
<!-- Generated by org.testng.reporters.JUnitReportReporter -->
<testsuite hostname="DESKTOP-R8FA6O2" failures="0" tests="1" name="CrudWithoutBDD.UpdateProject_PUT" time="3.566" errors="0" timestamp="2023-12-20T12:36:02 IST" skipped="0">
  <testcase classname="CrudWithoutBDD.UpdateProject_PUT" name="Put" time="3.566"/>
  <system-out/>
</testsuite> <!-- CrudWithoutBDD.UpdateProject_PUT -->
