<?xml version="1.0" encoding="UTF-8"?>
<!-- Generated by org.testng.reporters.JUnitReportReporter -->
<testsuite hostname="DESKTOP-R8FA6O2" failures="0" tests="1" name="Authentication.Basic_Auth" time="7.594" errors="0" timestamp="2023-12-22T10:15:14 IST" skipped="0">
  <testcase classname="Authentication.Basic_Auth" name="BAsic" time="7.594"/>
  <system-out/>
</testsuite> <!-- Authentication.Basic_Auth -->
