<?xml version="1.0" encoding="UTF-8"?>
<!-- Generated by org.testng.reporters.JUnitReportReporter -->
<testsuite hostname="DESKTOP-R8FA6O2" failures="0" tests="3" name="Data_Driven_Testing.DataDrivenTesting" time="3.771" errors="0" timestamp="2023-12-21T15:49:15 IST" skipped="0">
  <testcase classname="Data_Driven_Testing.DataDrivenTesting" name="createProject" time="3.542"/>
  <system-out/>
  <testcase classname="Data_Driven_Testing.DataDrivenTesting" name="createProject" time="0.131"/>
  <system-out/>
  <testcase classname="Data_Driven_Testing.DataDrivenTesting" name="createProject" time="0.098"/>
  <system-out/>
</testsuite> <!-- Data_Driven_Testing.DataDrivenTesting -->
