<?xml version="1.0" encoding="UTF-8"?>
<!-- Generated by org.testng.reporters.JUnitReportReporter -->
<testsuite hostname="DESKTOP-R8FA6O2" failures="0" tests="1" name="Response_Body_Validation.Dynamic_Response_Body_Validation_Using_Reqres" time="4.828" errors="0" timestamp="2024-02-13T17:22:13 IST" skipped="0">
  <testcase classname="Response_Body_Validation.Dynamic_Response_Body_Validation_Using_Reqres" name="Dynamic" time="4.828"/>
  <system-out/>
</testsuite> <!-- Response_Body_Validation.Dynamic_Response_Body_Validation_Using_Reqres -->
