<?xml version="1.0" encoding="UTF-8"?>
<!-- Generated by org.testng.reporters.JUnitReportReporter -->
<testsuite hostname="DESKTOP-R8FA6O2" failures="0" tests="1" name="CrudWithBDD.ReadProject_GetSingleUser" time="7.195" errors="0" timestamp="2023-12-20T13:04:24 IST" skipped="0">
  <testcase classname="CrudWithBDD.ReadProject_GetSingleUser" name="Get" time="7.195"/>
  <system-out/>
</testsuite> <!-- CrudWithBDD.ReadProject_GetSingleUser -->
