<?xml version="1.0" encoding="UTF-8"?>
<!-- Generated by org.testng.reporters.JUnitReportReporter -->
<testsuite hostname="DESKTOP-R8FA6O2" failures="0" tests="1" name="Cookies.Get_All_Cookies_key_Value" time="3.631" errors="0" timestamp="2023-12-26T15:13:17 IST" skipped="0">
  <testcase classname="Cookies.Get_All_Cookies_key_Value" name="getall" time="3.631"/>
  <system-out/>
</testsuite> <!-- Cookies.Get_All_Cookies_key_Value -->
