<?xml version="1.0" encoding="UTF-8"?>
<!-- Generated by org.testng.reporters.JUnitReportReporter -->
<testsuite hostname="DESKTOP-R8FA6O2" failures="0" tests="1" name="CrudWithoutBDD.ReadProject_GET" time="3.480" errors="0" timestamp="2023-12-20T12:32:03 IST" skipped="0">
  <testcase classname="CrudWithoutBDD.ReadProject_GET" name="Get" time="3.480"/>
  <system-out/>
</testsuite> <!-- CrudWithoutBDD.ReadProject_GET -->
