<?xml version="1.0" encoding="UTF-8"?>
<!-- Generated by org.testng.reporters.JUnitReportReporter -->
<testsuite hostname="DESKTOP-R8FA6O2" failures="0" tests="1" name="CrudWithoutBDD.GetProject" time="6.891" errors="0" timestamp="2023-12-20T12:06:50 IST" skipped="0">
  <testcase classname="CrudWithoutBDD.GetProject" name="Get" time="6.891"/>
  <system-out/>
</testsuite> <!-- CrudWithoutBDD.GetProject -->
