<?xml version="1.0" encoding="UTF-8"?>
<!-- Generated by org.testng.reporters.JUnitReportReporter -->
<testsuite hostname="DESKTOP-R8FA6O2" failures="0" tests="1" name="Request_Response_Spec_Builder.Request_Response" time="9.045" errors="0" timestamp="2023-12-22T12:40:47 IST" skipped="0">
  <testcase classname="Request_Response_Spec_Builder.Request_Response" name="builder" time="9.045"/>
  <system-out/>
</testsuite> <!-- Request_Response_Spec_Builder.Request_Response -->
