<?xml version="1.0" encoding="UTF-8"?>
<!-- Generated by org.testng.reporters.JUnitReportReporter -->
<testsuite hostname="DESKTOP-R8FA6O2" failures="0" tests="1" name="Cookies.Get_Cookies" time="3.470" errors="0" timestamp="2023-12-26T15:05:51 IST" skipped="0">
  <testcase classname="Cookies.Get_Cookies" name="get" time="3.470"/>
  <system-out/>
</testsuite> <!-- Cookies.Get_Cookies -->
