<?xml version="1.0" encoding="UTF-8"?>
<!-- Generated by org.testng.reporters.JUnitReportReporter -->
<testsuite hostname="DESKTOP-R8FA6O2" failures="0" tests="1" name="API_FrameWork_TestScript.Create_Project_In_Front_End" time="47.230" errors="0" timestamp="2023-12-27T17:28:21 IST" skipped="0">
  <testcase classname="API_FrameWork_TestScript.Create_Project_In_Front_End" name="create" time="47.230"/>
  <system-out/>
</testsuite> <!-- API_FrameWork_TestScript.Create_Project_In_Front_End -->
