<?xml version="1.0" encoding="UTF-8"?>
<!-- Generated by org.testng.reporters.JUnitReportReporter -->
<testsuite hostname="DESKTOP-R8FA6O2" failures="0" tests="1" name="Authentication.oauth2_0" time="4.444" errors="0" timestamp="2023-12-22T11:23:57 IST" skipped="0">
  <testcase classname="Authentication.oauth2_0" name="oauth" time="4.444"/>
  <system-out/>
</testsuite> <!-- Authentication.oauth2_0 -->
