<?xml version="1.0" encoding="UTF-8"?>
<!-- Generated by org.testng.reporters.JUnitReportReporter -->
<testsuite hostname="DESKTOP-R8FA6O2" failures="0" tests="1" name="CrudWithoutBDD.ReadProject_GETSINGLE_PROJECT" time="2.868" errors="0" timestamp="2023-12-20T12:48:07 IST" skipped="0">
  <testcase classname="CrudWithoutBDD.ReadProject_GETSINGLE_PROJECT" name="Get" time="2.868"/>
  <system-out/>
</testsuite> <!-- CrudWithoutBDD.ReadProject_GETSINGLE_PROJECT -->
