<?xml version="1.0" encoding="UTF-8"?>
<!-- Generated by org.testng.reporters.JUnitReportReporter -->
<testsuite hostname="DESKTOP-R8FA6O2" failures="0" tests="1" name="Request_Chaining.RequestChaing_From_POJO_And_Create_And_Upadate_Project" time="4.862" errors="0" timestamp="2023-12-21T16:29:15 IST" skipped="0">
  <testcase classname="Request_Chaining.RequestChaing_From_POJO_And_Create_And_Upadate_Project" name="CreateAndUpadate_Project" time="4.862"/>
  <system-out/>
</testsuite> <!-- Request_Chaining.RequestChaing_From_POJO_And_Create_And_Upadate_Project -->
