<?xml version="1.0" encoding="UTF-8"?>
<!-- Generated by org.testng.reporters.JUnitReportReporter -->
<testsuite hostname="DESKTOP-R8FA6O2" failures="0" tests="1" name="Parameter.Query_Parameter" time="38.791" errors="0" timestamp="2023-12-21T12:23:24 IST" skipped="0">
  <testcase classname="Parameter.Query_Parameter" name="Query" time="38.791"/>
  <system-out/>
</testsuite> <!-- Parameter.Query_Parameter -->
