<?xml version="1.0" encoding="UTF-8"?>
<!-- Generated by org.testng.reporters.JUnitReportReporter -->
<testsuite hostname="DESKTOP-R8FA6O2" failures="0" tests="1" name="CrudWithoutBDD.CreateProject_POST" time="3.611" errors="0" timestamp="2023-12-20T12:47:32 IST" skipped="0">
  <testcase classname="CrudWithoutBDD.CreateProject_POST" name="Post" time="3.611"/>
  <system-out/>
</testsuite> <!-- CrudWithoutBDD.CreateProject_POST -->
