<?xml version="1.0" encoding="UTF-8"?>
<!-- Generated by org.testng.reporters.JUnitReportReporter -->
<testsuite hostname="DESKTOP-R8FA6O2" failures="0" tests="1" name="Different_WaysTo_Create_Request.Post_With_JSON_File" time="7.268" errors="0" timestamp="2023-12-20T17:02:46 IST" skipped="0">
  <testcase classname="Different_WaysTo_Create_Request.Post_With_JSON_File" name="JSON" time="7.268"/>
  <system-out/>
</testsuite> <!-- Different_WaysTo_Create_Request.Post_With_JSON_File -->
